info Running jetifier to migrate libraries to AndroidX. You can disable it using "--no-jetifier" flag.
Jetifier found 1242 file(s) to forward-jetify. Using 4 workers...
info JS server already running.
info Installing the app...

Deprecated Gradle features were used in this build, making it incompatible with Gradle 7.0.
Use '--warning-mode all' to show the individual deprecation warnings.
See https://docs.gradle.org/6.2/userguide/command_line_interface.html#sec:command_line_warnings

FAILURE: Build failed with an exception.

* What went wrong:
Could not determine the dependencies of task ':app:mergeDebugAssets'.
> Could not resolve all task dependencies for configuration ':app:debugRuntimeClasspath'.
   > Could not resolve project :react-native-camera.
     Required by:
         project :app
      > Cannot choose between the following variants of project :react-native-camera:
          - generalDebugRuntimeElements
          - mlkitDebugRuntimeElements
        All of them match the consumer attributes:
          - Variant 'generalDebugRuntimeElements' capability coffee_app:react-native-camera:unspecified:
              - Unmatched attributes:
                  - Found com.android.build.api.attributes.VariantAttr 'generalDebug' but wasn't required.
                  - Found react-native-camera 'general' but wasn't required.
              - Compatible attributes:
                  - Required com.android.build.api.attributes.BuildTypeAttr 'debug' and found compatible value 'debug'.
                  - Required com.android.build.gradle.internal.dependency.AndroidTypeAttr 'Aar' and found compatible value 'Aar'.
                  - Required org.gradle.usage 'java-runtime' and found compatible value 'java-runtime'.
          - Variant 'mlkitDebugRuntimeElements' capability coffee_app:react-native-camera:unspecified:
              - Unmatched attributes:
                  - Found com.android.build.api.attributes.VariantAttr 'mlkitDebug' but wasn't required.
                  - Found react-native-camera 'mlkit' but wasn't required.
              - Compatible attributes:
                  - Required com.android.build.api.attributes.BuildTypeAttr 'debug' and found compatible value 'debug'.
                  - Required com.android.build.gradle.internal.dependency.AndroidTypeAttr 'Aar' and found compatible value 'Aar'.
                  - Required org.gradle.usage 'java-runtime' and found compatible value 'java-runtime'.

* Try:
Run with --stacktrace option to get the stack trace. Run with --info or --debug option to get more log output. Run with --scan to get full insights.

* Get more help at https://help.gradle.org

BUILD FAILED in 5s

Error: Command failed: ./gradlew app:installDebug -PreactNativeDevServerPort=8081

